#
# There is insufficient memory for the Java Runtime Environment to continue.
# Native memory allocation (malloc) failed to allocate 1057456 bytes for Chunk::new
# Possible reasons:
#   The system is out of physical RAM or swap space
#   The process is running with CompressedOops enabled, and the Java Heap may be blocking the growth of the native heap
# Possible solutions:
#   Reduce memory load on the system
#   Increase physical memory or swap space
#   Check if swap backing store is full
#   Decrease Java heap size (-Xmx/-Xms)
#   Decrease number of Java threads
#   Decrease Java thread stack sizes (-Xss)
#   Set larger code cache with -XX:ReservedCodeCacheSize=
#   JVM is running with Unscaled Compressed Oops mode in which the Java heap is
#     placed in the first 4GB address space. The Java Heap base address is the
#     maximum limit for the native heap growth. Please use -XX:HeapBaseMinAddress
#     to set the Java Heap base and to place the Java Heap above 4GB virtual address.
# This output file may be truncated or incomplete.
#
#  Out of Memory Error (./src/hotspot/share/memory/arena.cpp:197), pid=480, tid=4368
#
# JRE version: OpenJDK Runtime Environment (11.0.10) (build 11.0.10+0-b96-7249189)
# Java VM: OpenJDK 64-Bit Server VM (11.0.10+0-b96-7249189, mixed mode, tiered, compressed oops, g1 gc, windows-amd64)
# No core dump will be written. Minidumps are not enabled by default on client versions of Windows
#

---------------  S U M M A R Y ------------

Command Line: --add-opens=java.base/java.util=ALL-UNNAMED --add-opens=java.base/java.lang=ALL-UNNAMED --add-opens=java.base/java.lang.invoke=ALL-UNNAMED --add-opens=java.base/java.util=ALL-UNNAMED --add-opens=java.prefs/java.util.prefs=ALL-UNNAMED --add-opens=java.prefs/java.util.prefs=ALL-UNNAMED --add-opens=java.base/java.nio.charset=ALL-UNNAMED --add-opens=java.base/java.net=ALL-UNNAMED --add-opens=java.base/java.util.concurrent.atomic=ALL-UNNAMED -Xmx2048m -Dfile.encoding=UTF-8 -Duser.country=RU -Duser.language=ru -Duser.variant org.gradle.launcher.daemon.bootstrap.GradleDaemon 7.0.2

Host: Intel(R) Core(TM) i5-3210M CPU @ 2.50GHz, 4 cores, 5G,  Windows 10 , 64 bit Build 19041 (10.0.19041.928)
Time: Tue Oct 19 17:02:09 2021 RTZ 2 (зима) elapsed time: 20.362362 seconds (0d 0h 0m 20s)

---------------  T H R E A D  ---------------

Current thread (0x000000001ca97000):  JavaThread "C2 CompilerThread0" daemon [_thread_in_native, id=4368, stack(0x000000001dde0000,0x000000001dee0000)]


Current CompileTask:
C2:  20362 9839       4       sun.reflect.generics.parser.SignatureParser::parseFieldTypeSignature (73 bytes)

Stack: [0x000000001dde0000,0x000000001dee0000]
Native frames: (J=compiled Java code, j=interpreted, Vv=VM code, C=native code)
V  [jvm.dll+0x5ecfaa]
V  [jvm.dll+0x722bd5]
V  [jvm.dll+0x72412d]
V  [jvm.dll+0x7247e3]
V  [jvm.dll+0x242928]
V  [jvm.dll+0xbc4fc]
V  [jvm.dll+0xbca0c]
V  [jvm.dll+0x352d3b]
V  [jvm.dll+0x19800c]
V  [jvm.dll+0x1fb70e]
V  [jvm.dll+0x1fa7f4]
V  [jvm.dll+0x18354c]
V  [jvm.dll+0x208ee7]
V  [jvm.dll+0x207731]
V  [jvm.dll+0x6eb1cf]
V  [jvm.dll+0x6e3d45]
V  [jvm.dll+0x5ebe96]
C  [ucrtbase.dll+0x21bb2]
C  [KERNEL32.DLL+0x17034]
C  [ntdll.dll+0x52651]


---------------  P R O C E S S  ---------------

Threads class SMR info:
_java_thread_list=0x0000000028e395d0, length=51, elements={
0x00000000029a7800, 0x000000001ca72000, 0x000000001ca7c000, 0x000000001ca90000,
0x000000001ca91000, 0x000000001ca93000, 0x000000001ca97000, 0x000000001caa5000,
0x000000001caab800, 0x000000001d86d800, 0x00000000202a3800, 0x000000001f88e000,
0x000000001f863000, 0x0000000020382000, 0x000000001f39c000, 0x000000001fb57800,
0x000000001fb77800, 0x000000001f57e800, 0x000000001f3c1000, 0x000000002031b000,
0x000000002031b800, 0x000000002031a000, 0x000000002031c800, 0x000000002031d800,
0x000000002031e000, 0x000000002031f000, 0x0000000020319000, 0x0000000020320000,
0x0000000020864000, 0x0000000020865000, 0x0000000020865800, 0x0000000020866800,
0x0000000020867000, 0x0000000020869000, 0x000000002086b800, 0x000000002086c000,
0x000000002086d000, 0x000000002086e000, 0x0000000020869800, 0x0000000020868000,
0x000000002086e800, 0x000000002086f800, 0x0000000020870000, 0x0000000028ee9000,
0x0000000028eef000, 0x0000000028eea000, 0x0000000028ef0000, 0x0000000028eee000,
0x0000000028eed800, 0x0000000028ef0800, 0x0000000028eec800
}

Java Threads: ( => current thread )
  0x00000000029a7800 JavaThread "main" [_thread_blocked, id=7956, stack(0x0000000002080000,0x0000000002180000)]
  0x000000001ca72000 JavaThread "Reference Handler" daemon [_thread_blocked, id=6564, stack(0x000000001d3d0000,0x000000001d4d0000)]
  0x000000001ca7c000 JavaThread "Finalizer" daemon [_thread_blocked, id=1956, stack(0x000000001d4d0000,0x000000001d5d0000)]
  0x000000001ca90000 JavaThread "Signal Dispatcher" daemon [_thread_blocked, id=3956, stack(0x000000001dae0000,0x000000001dbe0000)]
  0x000000001ca91000 JavaThread "Attach Listener" daemon [_thread_blocked, id=2284, stack(0x000000001dbe0000,0x000000001dce0000)]
  0x000000001ca93000 JavaThread "Service Thread" daemon [_thread_blocked, id=10008, stack(0x000000001dce0000,0x000000001dde0000)]
=>0x000000001ca97000 JavaThread "C2 CompilerThread0" daemon [_thread_in_native, id=4368, stack(0x000000001dde0000,0x000000001dee0000)]
  0x000000001caa5000 JavaThread "C1 CompilerThread0" daemon [_thread_in_native, id=7328, stack(0x000000001dee0000,0x000000001dfe0000)]
  0x000000001caab800 JavaThread "Sweeper thread" daemon [_thread_blocked, id=1772, stack(0x000000001dfe0000,0x000000001e0e0000)]
  0x000000001d86d800 JavaThread "Common-Cleaner" daemon [_thread_blocked, id=8936, stack(0x000000001e0e0000,0x000000001e1e0000)]
  0x00000000202a3800 JavaThread "Daemon health stats" [_thread_blocked, id=1572, stack(0x0000000020f80000,0x0000000021080000)]
  0x000000001f88e000 JavaThread "Incoming local TCP Connector on port 64698" [_thread_in_native, id=6700, stack(0x00000000215c0000,0x00000000216c0000)]
  0x000000001f863000 JavaThread "Daemon periodic checks" [_thread_blocked, id=9700, stack(0x0000000021810000,0x0000000021910000)]
  0x0000000020382000 JavaThread "Daemon" [_thread_blocked, id=1692, stack(0x0000000021b10000,0x0000000021c10000)]
  0x000000001f39c000 JavaThread "Handler for socket connection from /127.0.0.1:64698 to /127.0.0.1:64699" [_thread_in_native, id=7028, stack(0x0000000021c10000,0x0000000021d10000)]
  0x000000001fb57800 JavaThread "Cancel handler" [_thread_blocked, id=8392, stack(0x0000000021d10000,0x0000000021e10000)]
  0x000000001fb77800 JavaThread "Daemon worker" [_thread_blocked, id=4488, stack(0x0000000021e10000,0x0000000021f10000)]
  0x000000001f57e800 JavaThread "Asynchronous log dispatcher for DefaultDaemonConnection: socket connection from /127.0.0.1:64698 to /127.0.0.1:64699" [_thread_in_Java, id=7664, stack(0x0000000021f10000,0x0000000022010000)]
  0x000000001f3c1000 JavaThread "Stdin handler" [_thread_blocked, id=6848, stack(0x0000000022010000,0x0000000022110000)]
  0x000000002031b000 JavaThread "Daemon client event forwarder" [_thread_blocked, id=10160, stack(0x0000000022110000,0x0000000022210000)]
  0x000000002031b800 JavaThread "Cache worker for file hash cache (C:\Users\Sergey\.gradle\caches\7.0.2\fileHashes)" [_thread_blocked, id=8816, stack(0x0000000022610000,0x0000000022710000)]
  0x000000002031a000 JavaThread "File lock request listener" [_thread_in_native, id=9660, stack(0x0000000022710000,0x0000000022810000)]
  0x000000002031c800 JavaThread "Cache worker for journal cache (C:\Users\Sergey\.gradle\caches\journal-1)" [_thread_blocked, id=4628, stack(0x0000000022a10000,0x0000000022b10000)]
  0x000000002031d800 JavaThread "Cache worker for file hash cache (E:\EDUCATION\AndroidStudioProjects\AndroidHome1\.gradle\7.0.2\fileHashes)" [_thread_blocked, id=6788, stack(0x0000000022b10000,0x0000000022c10000)]
  0x000000002031e000 JavaThread "File watcher server" daemon [_thread_in_native, id=2052, stack(0x0000000022c10000,0x0000000022d10000)]
  0x000000002031f000 JavaThread "File watcher consumer" daemon [_thread_blocked, id=5568, stack(0x0000000022fc0000,0x00000000230c0000)]
  0x0000000020319000 JavaThread "Cache worker for checksums cache (E:\EDUCATION\AndroidStudioProjects\AndroidHome1\.gradle\checksums)" [_thread_blocked, id=5648, stack(0x00000000242f0000,0x00000000243f0000)]
  0x0000000020320000 JavaThread "Cache worker for cache directory md-supplier (C:\Users\Sergey\.gradle\caches\7.0.2\md-supplier)" [_thread_blocked, id=3852, stack(0x00000000246d0000,0x00000000247d0000)]
  0x0000000020864000 JavaThread "Cache worker for cache directory md-rule (C:\Users\Sergey\.gradle\caches\7.0.2\md-rule)" [_thread_blocked, id=7208, stack(0x00000000247d0000,0x00000000248d0000)]
  0x0000000020865000 JavaThread "Cache worker for execution history cache (C:\Users\Sergey\.gradle\caches\7.0.2\executionHistory)" [_thread_blocked, id=9292, stack(0x0000000024c60000,0x0000000024d60000)]
  0x0000000020865800 JavaThread "jar transforms" [_thread_blocked, id=7812, stack(0x0000000024ad0000,0x0000000024bd0000)]
  0x0000000020866800 JavaThread "jar transforms Thread 2" [_thread_blocked, id=1580, stack(0x0000000025160000,0x0000000025260000)]
  0x0000000020867000 JavaThread "Cache worker for file content cache (C:\Users\Sergey\.gradle\caches\7.0.2\fileContent)" [_thread_blocked, id=7436, stack(0x0000000025460000,0x0000000025560000)]
  0x0000000020869000 JavaThread "Cache worker for dependencies-accessors (E:\EDUCATION\AndroidStudioProjects\AndroidHome1\.gradle\7.0.2\dependencies-accessors)" [_thread_blocked, id=7180, stack(0x0000000025760000,0x0000000025860000)]
  0x000000002086b800 JavaThread "jar transforms Thread 3" [_thread_blocked, id=7024, stack(0x0000000026b50000,0x0000000026c50000)]
  0x000000002086c000 JavaThread "Cache worker for Build Output Cleanup Cache (E:\EDUCATION\AndroidStudioProjects\AndroidHome1\.gradle\buildOutputCleanup)" [_thread_blocked, id=9832, stack(0x0000000026a30000,0x0000000026b30000)]
  0x000000002086d000 JavaThread "Build operations" [_thread_in_Java, id=4816, stack(0x0000000027050000,0x0000000027150000)]
  0x000000002086e000 JavaThread "Build operations Thread 2" [_thread_in_native, id=8688, stack(0x0000000027150000,0x0000000027250000)]
  0x0000000020869800 JavaThread "Build operations Thread 3" [_thread_in_native, id=10040, stack(0x0000000027250000,0x0000000027350000)]
  0x0000000020868000 JavaThread "Build operations Thread 4" [_thread_in_native, id=6368, stack(0x0000000027350000,0x0000000027450000)]
  0x000000002086e800 JavaThread "jar transforms Thread 4" [_thread_blocked, id=1564, stack(0x0000000027550000,0x0000000027650000)]
  0x000000002086f800 JavaThread "Memory manager" [_thread_blocked, id=1840, stack(0x0000000028050000,0x0000000028150000)]
  0x0000000020870000 JavaThread "build event listener" [_thread_blocked, id=7120, stack(0x0000000028550000,0x0000000028650000)]
  0x0000000028ee9000 JavaThread "pool-3-thread-1" [_thread_blocked, id=1116, stack(0x000000002a500000,0x000000002a600000)]
  0x0000000028eef000 JavaThread "build event listener" [_thread_blocked, id=6632, stack(0x000000002a600000,0x000000002a700000)]
  0x0000000028eea000 JavaThread "Execution worker for ':'" [_thread_blocked, id=756, stack(0x000000002a700000,0x000000002a800000)]
  0x0000000028ef0000 JavaThread "Execution worker for ':' Thread 2" [_thread_blocked, id=7000, stack(0x000000002a800000,0x000000002a900000)]
  0x0000000028eee000 JavaThread "Execution worker for ':' Thread 3" [_thread_in_Java, id=5108, stack(0x000000002a900000,0x000000002aa00000)]
  0x0000000028eed800 JavaThread "Cache worker for execution history cache (E:\EDUCATION\AndroidStudioProjects\AndroidHome1\.gradle\7.0.2\executionHistory)" [_thread_blocked, id=5704, stack(0x000000002aa00000,0x000000002ab00000)]
  0x0000000028ef0800 JavaThread "WorkerExecutor Queue" [_thread_blocked, id=4224, stack(0x000000002af00000,0x000000002b000000)]
  0x0000000028eec800 JavaThread "WorkerExecutor Queue Thread 2" [_thread_blocked, id=9864, stack(0x000000002b200000,0x000000002b300000)]

Other Threads:
  0x000000001ca6b000 VMThread "VM Thread" [stack: 0x000000001d2d0000,0x000000001d3d0000] [id=3108]
  0x000000001d873000 WatcherThread [stack: 0x000000001e1e0000,0x000000001e2e0000] [id=8144]
  0x00000000029c0000 GCTaskThread "GC Thread#0" [stack: 0x0000000002390000,0x0000000002490000] [id=7648]
  0x000000001d9ed000 GCTaskThread "GC Thread#1" [stack: 0x000000001eae0000,0x000000001ebe0000] [id=9232]
  0x0000000020381800 GCTaskThread "GC Thread#2" [stack: 0x0000000022210000,0x0000000022310000] [id=7272]
  0x000000001fb72800 GCTaskThread "GC Thread#3" [stack: 0x0000000022310000,0x0000000022410000] [id=1992]
  0x00000000029f0000 ConcurrentGCThread "G1 Main Marker" [stack: 0x000000001a090000,0x000000001a190000] [id=2944]
  0x00000000029f1800 ConcurrentGCThread "G1 Conc#0" [stack: 0x000000001a190000,0x000000001a290000] [id=7880]
  0x0000000002a63800 ConcurrentGCThread "G1 Refine#0" [stack: 0x000000001c6d0000,0x000000001c7d0000] [id=7900]
  0x0000000002a64800 ConcurrentGCThread "G1 Young RemSet Sampling" [stack: 0x000000001c7d0000,0x000000001c8d0000] [id=5772]

Threads with active compile tasks:
C2 CompilerThread0  20404 9839       4       sun.reflect.generics.parser.SignatureParser::parseFieldTypeSignature (73 bytes)
C1 CompilerThread0  20405 10005 %     3       org.gradle.internal.snapshot.VfsRelativePath::hasPrefix @ 48 (114 bytes)

VM state:not at safepoint (normal execution)

VM Mutex/Monitor currently owned by a thread: None

Heap address: 0x0000000080000000, size: 2048 MB, Compressed Oops mode: 32-bit
Narrow klass base: 0x0000000000000000, Narrow klass shift: 3
Compressed class space size: 1073741824 Address: 0x0000000100000000

Heap:
 garbage-first heap   total 201728K, used 119724K [0x0000000080000000, 0x0000000100000000)
  region size 1024K, 42 young (43008K), 2 survivors (2048K)
 Metaspace       used 89401K, capacity 91550K, committed 91724K, reserved 1128448K
  class space    used 11447K, capacity 12231K, committed 12364K, reserved 1048576K
Heap Regions: E=young(eden), S=young(survivor), O=old, HS=humongous(starts), HC=humongous(continues), CS=collection set, F=free, A=archive, TAMS=top-at-mark-start (previous, next)
|   0|0x0000000080000000, 0x0000000080100000, 0x0000000080100000|100%| O|  |TAMS 0x0000000080100000, 0x0000000080000000| Untracked 
|   1|0x0000000080100000, 0x0000000080200000, 0x0000000080200000|100%| O|  |TAMS 0x0000000080200000, 0x0000000080100000| Untracked 
|   2|0x0000000080200000, 0x0000000080300000, 0x0000000080300000|100%| O|  |TAMS 0x0000000080300000, 0x0000000080200000| Untracked 
|   3|0x0000000080300000, 0x0000000080400000, 0x0000000080400000|100%|HS|  |TAMS 0x0000000080400000, 0x0000000080300000| Complete 
|   4|0x0000000080400000, 0x0000000080500000, 0x0000000080500000|100%|HC|  |TAMS 0x0000000080500000, 0x0000000080400000| Complete 
|   5|0x0000000080500000, 0x0000000080600000, 0x0000000080600000|100%|HC|  |TAMS 0x0000000080600000, 0x0000000080500000| Complete 
|   6|0x0000000080600000, 0x0000000080700000, 0x0000000080700000|100%| O|  |TAMS 0x0000000080700000, 0x0000000080600000| Untracked 
|   7|0x0000000080700000, 0x0000000080800000, 0x0000000080800000|100%| O|  |TAMS 0x0000000080800000, 0x0000000080700000| Untracked 
|   8|0x0000000080800000, 0x0000000080900000, 0x0000000080900000|100%| O|  |TAMS 0x0000000080900000, 0x0000000080800000| Untracked 
|   9|0x0000000080900000, 0x0000000080a00000, 0x0000000080a00000|100%| O|  |TAMS 0x0000000080a00000, 0x0000000080900000| Untracked 
|  10|0x0000000080a00000, 0x0000000080b00000, 0x0000000080b00000|100%| O|  |TAMS 0x0000000080b00000, 0x0000000080a00000| Untracked 
|  11|0x0000000080b00000, 0x0000000080c00000, 0x0000000080c00000|100%| O|  |TAMS 0x0000000080c00000, 0x0000000080b00000| Untracked 
|  12|0x0000000080c00000, 0x0000000080d00000, 0x0000000080d00000|100%| O|  |TAMS 0x0000000080d00000, 0x0000000080c00000| Untracked 
|  13|0x0000000080d00000, 0x0000000080e00000, 0x0000000080e00000|100%| O|  |TAMS 0x0000000080e00000, 0x0000000080d00000| Untracked 
|  14|0x0000000080e00000, 0x0000000080f00000, 0x0000000080f00000|100%| O|  |TAMS 0x0000000080f00000, 0x0000000080e00000| Untracked 
|  15|0x0000000080f00000, 0x0000000081000000, 0x0000000081000000|100%| O|  |TAMS 0x0000000081000000, 0x0000000080f00000| Untracked 
|  16|0x0000000081000000, 0x0000000081100000, 0x0000000081100000|100%|HS|  |TAMS 0x0000000081100000, 0x0000000081000000| Complete 
|  17|0x0000000081100000, 0x0000000081200000, 0x0000000081200000|100%| O|  |TAMS 0x0000000081200000, 0x0000000081100000| Untracked 
|  18|0x0000000081200000, 0x0000000081300000, 0x0000000081300000|100%| O|  |TAMS 0x0000000081300000, 0x0000000081200000| Untracked 
|  19|0x0000000081300000, 0x0000000081400000, 0x0000000081400000|100%| O|  |TAMS 0x0000000081400000, 0x0000000081300000| Untracked 
|  20|0x0000000081400000, 0x0000000081500000, 0x0000000081500000|100%| O|  |TAMS 0x0000000081500000, 0x0000000081400000| Untracked 
|  21|0x0000000081500000, 0x0000000081600000, 0x0000000081600000|100%| O|  |TAMS 0x0000000081600000, 0x0000000081500000| Untracked 
|  22|0x0000000081600000, 0x0000000081700000, 0x0000000081700000|100%| O|  |TAMS 0x0000000081700000, 0x0000000081600000| Untracked 
|  23|0x0000000081700000, 0x0000000081800000, 0x0000000081800000|100%| O|  |TAMS 0x0000000081800000, 0x0000000081700000| Untracked 
|  24|0x0000000081800000, 0x0000000081900000, 0x0000000081900000|100%| O|  |TAMS 0x0000000081900000, 0x0000000081800000| Untracked 
|  25|0x0000000081900000, 0x0000000081a00000, 0x0000000081a00000|100%| O|  |TAMS 0x0000000081a00000, 0x0000000081900000| Untracked 
|  26|0x0000000081a00000, 0x0000000081b00000, 0x0000000081b00000|100%| O|  |TAMS 0x0000000081b00000, 0x0000000081a00000| Untracked 
|  27|0x0000000081b00000, 0x0000000081c00000, 0x0000000081c00000|100%|HS|  |TAMS 0x0000000081c00000, 0x0000000081b00000| Complete 
|  28|0x0000000081c00000, 0x0000000081d00000, 0x0000000081d00000|100%|HS|  |TAMS 0x0000000081d00000, 0x0000000081c00000| Complete 
|  29|0x0000000081d00000, 0x0000000081e00000, 0x0000000081e00000|100%|HC|  |TAMS 0x0000000081e00000, 0x0000000081d00000| Complete 
|  30|0x0000000081e00000, 0x0000000081f00000, 0x0000000081f00000|100%| O|  |TAMS 0x0000000081f00000, 0x0000000081e00000| Untracked 
|  31|0x0000000081f00000, 0x0000000082000000, 0x0000000082000000|100%| O|  |TAMS 0x0000000082000000, 0x0000000081f00000| Untracked 
|  32|0x0000000082000000, 0x0000000082100000, 0x0000000082100000|100%| O|  |TAMS 0x0000000082100000, 0x0000000082000000| Untracked 
|  33|0x0000000082100000, 0x0000000082200000, 0x0000000082200000|100%| O|  |TAMS 0x0000000082200000, 0x0000000082100000| Untracked 
|  34|0x0000000082200000, 0x0000000082300000, 0x0000000082300000|100%| O|  |TAMS 0x0000000082300000, 0x0000000082200000| Untracked 
|  35|0x0000000082300000, 0x0000000082400000, 0x0000000082400000|100%| O|  |TAMS 0x0000000082400000, 0x0000000082300000| Untracked 
|  36|0x0000000082400000, 0x0000000082500000, 0x0000000082500000|100%| O|  |TAMS 0x0000000082500000, 0x0000000082400000| Untracked 
|  37|0x0000000082500000, 0x0000000082600000, 0x0000000082600000|100%| O|  |TAMS 0x0000000082600000, 0x0000000082500000| Untracked 
|  38|0x0000000082600000, 0x0000000082700000, 0x0000000082700000|100%| O|  |TAMS 0x0000000082700000, 0x0000000082600000| Untracked 
|  39|0x0000000082700000, 0x0000000082800000, 0x0000000082800000|100%| O|  |TAMS 0x0000000082800000, 0x0000000082700000| Untracked 
|  40|0x0000000082800000, 0x0000000082900000, 0x0000000082900000|100%| O|  |TAMS 0x0000000082900000, 0x0000000082800000| Untracked 
|  41|0x0000000082900000, 0x0000000082a00000, 0x0000000082a00000|100%| O|  |TAMS 0x0000000082a00000, 0x0000000082900000| Untracked 
|  42|0x0000000082a00000, 0x0000000082b00000, 0x0000000082b00000|100%| O|  |TAMS 0x0000000082b00000, 0x0000000082a00000| Untracked 
|  43|0x0000000082b00000, 0x0000000082c00000, 0x0000000082c00000|100%| O|  |TAMS 0x0000000082c00000, 0x0000000082b00000| Untracked 
|  44|0x0000000082c00000, 0x0000000082d00000, 0x0000000082d00000|100%| O|  |TAMS 0x0000000082d00000, 0x0000000082c00000| Untracked 
|  45|0x0000000082d00000, 0x0000000082e00000, 0x0000000082e00000|100%| O|  |TAMS 0x0000000082e00000, 0x0000000082d00000| Untracked 
|  46|0x0000000082e00000, 0x0000000082f00000, 0x0000000082f00000|100%| O|  |TAMS 0x0000000082f00000, 0x0000000082e00000| Untracked 
|  47|0x0000000082f00000, 0x0000000083000000, 0x0000000083000000|100%| O|  |TAMS 0x0000000083000000, 0x0000000082f00000| Untracked 
|  48|0x0000000083000000, 0x0000000083100000, 0x0000000083100000|100%| O|  |TAMS 0x0000000083100000, 0x0000000083000000| Untracked 
|  49|0x0000000083100000, 0x0000000083200000, 0x0000000083200000|100%| O|  |TAMS 0x0000000083200000, 0x0000000083100000| Untracked 
|  50|0x0000000083200000, 0x0000000083300000, 0x0000000083300000|100%| O|  |TAMS 0x0000000083300000, 0x0000000083200000| Untracked 
|  51|0x0000000083300000, 0x0000000083400000, 0x0000000083400000|100%| O|  |TAMS 0x0000000083300000, 0x0000000083300000| Untracked 
|  52|0x0000000083400000, 0x0000000083500000, 0x0000000083500000|100%| O|  |TAMS 0x0000000083500000, 0x0000000083400000| Untracked 
|  53|0x0000000083500000, 0x0000000083600000, 0x0000000083600000|100%| O|  |TAMS 0x0000000083600000, 0x0000000083500000| Untracked 
|  54|0x0000000083600000, 0x0000000083700000, 0x0000000083700000|100%| O|  |TAMS 0x0000000083700000, 0x0000000083600000| Untracked 
|  55|0x0000000083700000, 0x0000000083800000, 0x0000000083800000|100%| O|  |TAMS 0x0000000083800000, 0x0000000083700000| Untracked 
|  56|0x0000000083800000, 0x0000000083900000, 0x0000000083900000|100%| O|  |TAMS 0x0000000083900000, 0x0000000083800000| Untracked 
|  57|0x0000000083900000, 0x0000000083a00000, 0x0000000083a00000|100%| O|  |TAMS 0x0000000083a00000, 0x0000000083900000| Untracked 
|  58|0x0000000083a00000, 0x0000000083b00000, 0x0000000083b00000|100%| O|  |TAMS 0x0000000083b00000, 0x0000000083a00000| Untracked 
|  59|0x0000000083b00000, 0x0000000083c00000, 0x0000000083c00000|100%| O|  |TAMS 0x0000000083c00000, 0x0000000083b00000| Untracked 
|  60|0x0000000083c00000, 0x0000000083d00000, 0x0000000083d00000|100%| O|  |TAMS 0x0000000083d00000, 0x0000000083c00000| Untracked 
|  61|0x0000000083d00000, 0x0000000083e00000, 0x0000000083e00000|100%| O|  |TAMS 0x0000000083e00000, 0x0000000083d00000| Untracked 
|  62|0x0000000083e00000, 0x0000000083f00000, 0x0000000083f00000|100%| O|  |TAMS 0x0000000083f00000, 0x0000000083e00000| Untracked 
|  63|0x0000000083f00000, 0x0000000084000000, 0x0000000084000000|100%| O|  |TAMS 0x0000000084000000, 0x0000000083f00000| Untracked 
|  64|0x0000000084000000, 0x0000000084100000, 0x0000000084100000|100%| O|  |TAMS 0x0000000084100000, 0x0000000084000000| Untracked 
|  65|0x0000000084100000, 0x0000000084200000, 0x0000000084200000|100%| O|  |TAMS 0x0000000084200000, 0x0000000084100000| Untracked 
|  66|0x0000000084200000, 0x0000000084300000, 0x0000000084300000|100%| O|  |TAMS 0x0000000084300000, 0x0000000084200000| Untracked 
|  67|0x0000000084300000, 0x00000000843eb000, 0x0000000084400000| 91%| O|  |TAMS 0x0000000084300000, 0x0000000084300000| Untracked 
|  68|0x0000000084400000, 0x0000000084400000, 0x0000000084500000|  0%| F|  |TAMS 0x0000000084400000, 0x0000000084400000| Untracked 
|  69|0x0000000084500000, 0x0000000084500000, 0x0000000084600000|  0%| F|  |TAMS 0x0000000084500000, 0x0000000084500000| Untracked 
|  70|0x0000000084600000, 0x0000000084600000, 0x0000000084700000|  0%| F|  |TAMS 0x0000000084600000, 0x0000000084600000| Untracked 
|  71|0x0000000084700000, 0x0000000084700000, 0x0000000084800000|  0%| F|  |TAMS 0x0000000084700000, 0x0000000084700000| Untracked 
|  72|0x0000000084800000, 0x0000000084800000, 0x0000000084900000|  0%| F|  |TAMS 0x0000000084800000, 0x0000000084800000| Untracked 
|  73|0x0000000084900000, 0x0000000084900000, 0x0000000084a00000|  0%| F|  |TAMS 0x0000000084900000, 0x0000000084900000| Untracked 
|  74|0x0000000084a00000, 0x0000000084a00000, 0x0000000084b00000|  0%| F|  |TAMS 0x0000000084a00000, 0x0000000084a00000| Untracked 
|  75|0x0000000084b00000, 0x0000000084c00000, 0x0000000084c00000|100%| O|  |TAMS 0x0000000084c00000, 0x0000000084b00000| Untracked 
|  76|0x0000000084c00000, 0x0000000084d00000, 0x0000000084d00000|100%| O|  |TAMS 0x0000000084d00000, 0x0000000084c00000| Untracked 
|  77|0x0000000084d00000, 0x0000000084e00000, 0x0000000084e00000|100%| O|  |TAMS 0x0000000084e00000, 0x0000000084d00000| Untracked 
|  78|0x0000000084e00000, 0x0000000084f00000, 0x0000000084f00000|100%| O|  |TAMS 0x0000000084f00000, 0x0000000084e00000| Untracked 
|  79|0x0000000084f00000, 0x0000000085000000, 0x0000000085000000|100%| O|  |TAMS 0x0000000085000000, 0x0000000084f00000| Untracked 
|  80|0x0000000085000000, 0x0000000085100000, 0x0000000085100000|100%| O|  |TAMS 0x0000000085100000, 0x0000000085000000| Untracked 
|  81|0x0000000085100000, 0x0000000085200000, 0x0000000085200000|100%| O|  |TAMS 0x0000000085200000, 0x0000000085100000| Untracked 
|  82|0x0000000085200000, 0x0000000085300000, 0x0000000085300000|100%| O|  |TAMS 0x0000000085300000, 0x0000000085200000| Untracked 
|  83|0x0000000085300000, 0x0000000085400000, 0x0000000085400000|100%| O|  |TAMS 0x0000000085380000, 0x0000000085300000| Untracked 
|  84|0x0000000085400000, 0x0000000085400000, 0x0000000085500000|  0%| F|  |TAMS 0x0000000085400000, 0x0000000085400000| Untracked 
|  85|0x0000000085500000, 0x0000000085500000, 0x0000000085600000|  0%| F|  |TAMS 0x0000000085500000, 0x0000000085500000| Untracked 
|  86|0x0000000085600000, 0x0000000085600000, 0x0000000085700000|  0%| F|  |TAMS 0x0000000085600000, 0x0000000085600000| Untracked 
|  87|0x0000000085700000, 0x0000000085700000, 0x0000000085800000|  0%| F|  |TAMS 0x0000000085700000, 0x0000000085700000| Untracked 
|  88|0x0000000085800000, 0x0000000085800000, 0x0000000085900000|  0%| F|  |TAMS 0x0000000085800000, 0x0000000085800000| Untracked 
|  89|0x0000000085900000, 0x0000000085900000, 0x0000000085a00000|  0%| F|  |TAMS 0x0000000085900000, 0x0000000085900000| Untracked 
|  90|0x0000000085a00000, 0x0000000085a00000, 0x0000000085b00000|  0%| F|  |TAMS 0x0000000085a00000, 0x0000000085a00000| Untracked 
|  91|0x0000000085b00000, 0x0000000085b00000, 0x0000000085c00000|  0%| F|  |TAMS 0x0000000085b00000, 0x0000000085b00000| Untracked 
|  92|0x0000000085c00000, 0x0000000085c00000, 0x0000000085d00000|  0%| F|  |TAMS 0x0000000085c00000, 0x0000000085c00000| Untracked 
|  93|0x0000000085d00000, 0x0000000085d00000, 0x0000000085e00000|  0%| F|  |TAMS 0x0000000085d00000, 0x0000000085d00000| Untracked 
|  94|0x0000000085e00000, 0x0000000085e00000, 0x0000000085f00000|  0%| F|  |TAMS 0x0000000085e00000, 0x0000000085e00000| Untracked 
|  95|0x0000000085f00000, 0x0000000085f00000, 0x0000000086000000|  0%| F|  |TAMS 0x0000000085f00000, 0x0000000085f00000| Untracked 
|  96|0x0000000086000000, 0x0000000086000000, 0x0000000086100000|  0%| F|  |TAMS 0x0000000086000000, 0x0000000086000000| Untracked 
|  97|0x0000000086100000, 0x0000000086100000, 0x0000000086200000|  0%| F|  |TAMS 0x0000000086100000, 0x0000000086100000| Untracked 
|  98|0x0000000086200000, 0x0000000086200000, 0x0000000086300000|  0%| F|  |TAMS 0x0000000086200000, 0x0000000086200000| Untracked 
|  99|0x0000000086300000, 0x0000000086300000, 0x0000000086400000|  0%| F|  |TAMS 0x0000000086300000, 0x0000000086300000| Untracked 
| 100|0x0000000086400000, 0x0000000086400000, 0x0000000086500000|  0%| F|  |TAMS 0x0000000086400000, 0x0000000086400000| Untracked 
| 101|0x0000000086500000, 0x0000000086500000, 0x0000000086600000|  0%| F|  |TAMS 0x0000000086500000, 0x0000000086500000| Untracked 
| 102|0x0000000086600000, 0x0000000086600000, 0x0000000086700000|  0%| F|  |TAMS 0x0000000086600000, 0x0000000086600000| Untracked 
| 103|0x0000000086700000, 0x0000000086700000, 0x0000000086800000|  0%| F|  |TAMS 0x0000000086700000, 0x0000000086700000| Untracked 
| 104|0x0000000086800000, 0x0000000086800000, 0x0000000086900000|  0%| F|  |TAMS 0x0000000086800000, 0x0000000086800000| Untracked 
| 105|0x0000000086900000, 0x0000000086900000, 0x0000000086a00000|  0%| F|  |TAMS 0x0000000086900000, 0x0000000086900000| Untracked 
| 106|0x0000000086a00000, 0x0000000086a00000, 0x0000000086b00000|  0%| F|  |TAMS 0x0000000086a00000, 0x0000000086a00000| Untracked 
| 107|0x0000000086b00000, 0x0000000086b00000, 0x0000000086c00000|  0%| F|  |TAMS 0x0000000086b00000, 0x0000000086b00000| Untracked 
| 108|0x0000000086c00000, 0x0000000086c00000, 0x0000000086d00000|  0%| F|  |TAMS 0x0000000086c00000, 0x0000000086c00000| Untracked 
| 109|0x0000000086d00000, 0x0000000086d00000, 0x0000000086e00000|  0%| F|  |TAMS 0x0000000086d00000, 0x0000000086d00000| Untracked 
| 110|0x0000000086e00000, 0x0000000086e00000, 0x0000000086f00000|  0%| F|  |TAMS 0x0000000086e00000, 0x0000000086e00000| Untracked 
| 111|0x0000000086f00000, 0x0000000086f00000, 0x0000000087000000|  0%| F|  |TAMS 0x0000000086f00000, 0x0000000086f00000| Untracked 
| 112|0x0000000087000000, 0x0000000087000000, 0x0000000087100000|  0%| F|  |TAMS 0x0000000087000000, 0x0000000087000000| Untracked 
| 113|0x0000000087100000, 0x0000000087100000, 0x0000000087200000|  0%| F|  |TAMS 0x0000000087100000, 0x0000000087100000| Untracked 
| 114|0x0000000087200000, 0x0000000087200000, 0x0000000087300000|  0%| F|  |TAMS 0x0000000087200000, 0x0000000087200000| Untracked 
| 115|0x0000000087300000, 0x0000000087300000, 0x0000000087400000|  0%| F|  |TAMS 0x0000000087300000, 0x0000000087300000| Untracked 
| 116|0x0000000087400000, 0x0000000087400000, 0x0000000087500000|  0%| F|  |TAMS 0x0000000087400000, 0x0000000087400000| Untracked 
| 117|0x0000000087500000, 0x0000000087500000, 0x0000000087600000|  0%| F|  |TAMS 0x0000000087500000, 0x0000000087500000| Untracked 
| 118|0x0000000087600000, 0x0000000087600000, 0x0000000087700000|  0%| F|  |TAMS 0x0000000087600000, 0x0000000087600000| Untracked 
| 119|0x0000000087700000, 0x0000000087700000, 0x0000000087800000|  0%| F|  |TAMS 0x0000000087700000, 0x0000000087700000| Untracked 
| 120|0x0000000087800000, 0x0000000087800000, 0x0000000087900000|  0%| F|  |TAMS 0x0000000087800000, 0x0000000087800000| Untracked 
| 121|0x0000000087900000, 0x0000000087a00000, 0x0000000087a00000|100%| S|CS|TAMS 0x0000000087900000, 0x0000000087900000| Complete 
| 122|0x0000000087a00000, 0x0000000087b00000, 0x0000000087b00000|100%| S|CS|TAMS 0x0000000087a00000, 0x0000000087a00000| Complete 
| 123|0x0000000087b00000, 0x0000000087b00000, 0x0000000087c00000|  0%| F|  |TAMS 0x0000000087b00000, 0x0000000087b00000| Untracked 
| 124|0x0000000087c00000, 0x0000000087c00000, 0x0000000087d00000|  0%| F|  |TAMS 0x0000000087c00000, 0x0000000087c00000| Untracked 
| 125|0x0000000087d00000, 0x0000000087d00000, 0x0000000087e00000|  0%| F|  |TAMS 0x0000000087d00000, 0x0000000087d00000| Untracked 
| 126|0x0000000087e00000, 0x0000000087e00000, 0x0000000087f00000|  0%| F|  |TAMS 0x0000000087e00000, 0x0000000087e00000| Untracked 
| 127|0x0000000087f00000, 0x0000000087f00000, 0x0000000088000000|  0%| F|  |TAMS 0x0000000087f00000, 0x0000000087f00000| Untracked 
| 128|0x0000000088000000, 0x0000000088000000, 0x0000000088100000|  0%| F|  |TAMS 0x0000000088000000, 0x0000000088000000| Untracked 
| 129|0x0000000088100000, 0x0000000088100000, 0x0000000088200000|  0%| F|  |TAMS 0x0000000088100000, 0x0000000088100000| Untracked 
| 130|0x0000000088200000, 0x0000000088200000, 0x0000000088300000|  0%| F|  |TAMS 0x0000000088200000, 0x0000000088200000| Untracked 
| 131|0x0000000088300000, 0x0000000088300000, 0x0000000088400000|  0%| F|  |TAMS 0x0000000088300000, 0x0000000088300000| Untracked 
| 132|0x0000000088400000, 0x0000000088400000, 0x0000000088500000|  0%| F|  |TAMS 0x0000000088400000, 0x0000000088400000| Untracked 
| 133|0x0000000088500000, 0x0000000088500000, 0x0000000088600000|  0%| F|  |TAMS 0x0000000088500000, 0x0000000088500000| Untracked 
| 134|0x0000000088600000, 0x0000000088600000, 0x0000000088700000|  0%| F|  |TAMS 0x0000000088600000, 0x0000000088600000| Untracked 
| 135|0x0000000088700000, 0x0000000088700000, 0x0000000088800000|  0%| F|  |TAMS 0x0000000088700000, 0x0000000088700000| Untracked 
| 136|0x0000000088800000, 0x0000000088800000, 0x0000000088900000|  0%| F|  |TAMS 0x0000000088800000, 0x0000000088800000| Untracked 
| 137|0x0000000088900000, 0x0000000088900000, 0x0000000088a00000|  0%| F|  |TAMS 0x0000000088900000, 0x0000000088900000| Untracked 
| 138|0x0000000088a00000, 0x0000000088a00000, 0x0000000088b00000|  0%| F|  |TAMS 0x0000000088a00000, 0x0000000088a00000| Untracked 
| 139|0x0000000088b00000, 0x0000000088b00000, 0x0000000088c00000|  0%| F|  |TAMS 0x0000000088b00000, 0x0000000088b00000| Untracked 
| 140|0x0000000088c00000, 0x0000000088c00000, 0x0000000088d00000|  0%| F|  |TAMS 0x0000000088c00000, 0x0000000088c00000| Untracked 
| 141|0x0000000088d00000, 0x0000000088d00000, 0x0000000088e00000|  0%| F|  |TAMS 0x0000000088d00000, 0x0000000088d00000| Untracked 
| 142|0x0000000088e00000, 0x0000000088e00000, 0x0000000088f00000|  0%| F|  |TAMS 0x0000000088e00000, 0x0000000088e00000| Untracked 
| 143|0x0000000088f00000, 0x0000000088f00000, 0x0000000089000000|  0%| F|  |TAMS 0x0000000088f00000, 0x0000000088f00000| Untracked 
| 144|0x0000000089000000, 0x0000000089000000, 0x0000000089100000|  0%| F|  |TAMS 0x0000000089000000, 0x0000000089000000| Untracked 
| 145|0x0000000089100000, 0x0000000089100000, 0x0000000089200000|  0%| F|  |TAMS 0x0000000089100000, 0x0000000089100000| Untracked 
| 146|0x0000000089200000, 0x0000000089200000, 0x0000000089300000|  0%| F|  |TAMS 0x0000000089200000, 0x0000000089200000| Untracked 
| 147|0x0000000089300000, 0x0000000089300000, 0x0000000089400000|  0%| F|  |TAMS 0x0000000089300000, 0x0000000089300000| Untracked 
| 148|0x0000000089400000, 0x0000000089400000, 0x0000000089500000|  0%| F|  |TAMS 0x0000000089400000, 0x0000000089400000| Untracked 
| 149|0x0000000089500000, 0x0000000089500000, 0x0000000089600000|  0%| F|  |TAMS 0x0000000089500000, 0x0000000089500000| Untracked 
| 150|0x0000000089600000, 0x0000000089600000, 0x0000000089700000|  0%| F|  |TAMS 0x0000000089600000, 0x0000000089600000| Untracked 
| 151|0x0000000089700000, 0x0000000089700000, 0x0000000089800000|  0%| F|  |TAMS 0x0000000089700000, 0x0000000089700000| Untracked 
| 152|0x0000000089800000, 0x0000000089800000, 0x0000000089900000|  0%| F|  |TAMS 0x0000000089800000, 0x0000000089800000| Untracked 
| 153|0x0000000089900000, 0x0000000089900000, 0x0000000089a00000|  0%| F|  |TAMS 0x0000000089900000, 0x0000000089900000| Untracked 
| 154|0x0000000089a00000, 0x0000000089a00000, 0x0000000089b00000|  0%| F|  |TAMS 0x0000000089a00000, 0x0000000089a00000| Untracked 
| 155|0x0000000089b00000, 0x0000000089b00000, 0x0000000089c00000|  0%| F|  |TAMS 0x0000000089b00000, 0x0000000089b00000| Untracked 
| 156|0x0000000089c00000, 0x0000000089c39e48, 0x0000000089d00000| 22%| E|  |TAMS 0x0000000089c00000, 0x0000000089c00000| Complete 
| 157|0x0000000089d00000, 0x0000000089e00000, 0x0000000089e00000|100%| E|CS|TAMS 0x0000000089d00000, 0x0000000089d00000| Complete 
| 158|0x0000000089e00000, 0x0000000089f00000, 0x0000000089f00000|100%| E|CS|TAMS 0x0000000089e00000, 0x0000000089e00000| Complete 
| 159|0x0000000089f00000, 0x000000008a000000, 0x000000008a000000|100%| E|CS|TAMS 0x0000000089f00000, 0x0000000089f00000| Complete 
| 160|0x000000008a000000, 0x000000008a100000, 0x000000008a100000|100%| E|CS|TAMS 0x000000008a000000, 0x000000008a000000| Complete 
| 161|0x000000008a100000, 0x000000008a200000, 0x000000008a200000|100%| E|CS|TAMS 0x000000008a100000, 0x000000008a100000| Complete 
| 162|0x000000008a200000, 0x000000008a300000, 0x000000008a300000|100%| E|CS|TAMS 0x000000008a200000, 0x000000008a200000| Complete 
| 163|0x000000008a300000, 0x000000008a400000, 0x000000008a400000|100%| E|CS|TAMS 0x000000008a300000, 0x000000008a300000| Complete 
| 164|0x000000008a400000, 0x000000008a500000, 0x000000008a500000|100%| E|CS|TAMS 0x000000008a400000, 0x000000008a400000| Complete 
| 165|0x000000008a500000, 0x000000008a600000, 0x000000008a600000|100%| E|CS|TAMS 0x000000008a500000, 0x000000008a500000| Complete 
| 166|0x000000008a600000, 0x000000008a700000, 0x000000008a700000|100%| E|CS|TAMS 0x000000008a600000, 0x000000008a600000| Complete 
| 167|0x000000008a700000, 0x000000008a800000, 0x000000008a800000|100%| E|CS|TAMS 0x000000008a700000, 0x000000008a700000| Complete 
| 168|0x000000008a800000, 0x000000008a900000, 0x000000008a900000|100%| E|CS|TAMS 0x000000008a800000, 0x000000008a800000| Complete 
| 169|0x000000008a900000, 0x000000008aa00000, 0x000000008aa00000|100%| E|CS|TAMS 0x000000008a900000, 0x000000008a900000| Complete 
| 170|0x000000008aa00000, 0x000000008ab00000, 0x000000008ab00000|100%| E|CS|TAMS 0x000000008aa00000, 0x000000008aa00000| Complete 
| 171|0x000000008ab00000, 0x000000008ac00000, 0x000000008ac00000|100%| E|CS|TAMS 0x000000008ab00000, 0x000000008ab00000| Complete 
| 172|0x000000008ac00000, 0x000000008ad00000, 0x000000008ad00000|100%| E|CS|TAMS 0x000000008ac00000, 0x000000008ac00000| Complete 
| 173|0x000000008ad00000, 0x000000008ae00000, 0x000000008ae00000|100%| E|CS|TAMS 0x000000008ad00000, 0x000000008ad00000| Complete 
| 174|0x000000008ae00000, 0x000000008af00000, 0x000000008af00000|100%| E|CS|TAMS 0x000000008ae00000, 0x000000008ae00000| Complete 
| 175|0x000000008af00000, 0x000000008b000000, 0x000000008b000000|100%| E|CS|TAMS 0x000000008af00000, 0x000000008af00000| Complete 
| 176|0x000000008b000000, 0x000000008b100000, 0x000000008b100000|100%| E|CS|TAMS 0x000000008b000000, 0x000000008b000000| Complete 
| 177|0x000000008b100000, 0x000000008b200000, 0x000000008b200000|100%| E|CS|TAMS 0x000000008b100000, 0x000000008b100000| Complete 
| 178|0x000000008b200000, 0x000000008b300000, 0x000000008b300000|100%| E|  |TAMS 0x000000008b200000, 0x000000008b200000| Complete 
| 179|0x000000008b300000, 0x000000008b400000, 0x000000008b400000|100%| E|CS|TAMS 0x000000008b300000, 0x000000008b300000| Complete 
| 180|0x000000008b400000, 0x000000008b500000, 0x000000008b500000|100%| E|CS|TAMS 0x000000008b400000, 0x000000008b400000| Complete 
| 181|0x000000008b500000, 0x000000008b600000, 0x000000008b600000|100%| E|CS|TAMS 0x000000008b500000, 0x000000008b500000| Complete 
| 182|0x000000008b600000, 0x000000008b700000, 0x000000008b700000|100%| E|CS|TAMS 0x000000008b600000, 0x000000008b600000| Complete 
| 183|0x000000008b700000, 0x000000008b800000, 0x000000008b800000|100%| E|CS|TAMS 0x000000008b700000, 0x000000008b700000| Complete 
| 184|0x000000008b800000, 0x000000008b900000, 0x000000008b900000|100%| E|CS|TAMS 0x000000008b800000, 0x000000008b800000| Complete 
| 185|0x000000008b900000, 0x000000008ba00000, 0x000000008ba00000|100%| E|CS|TAMS 0x000000008b900000, 0x000000008b900000| Complete 
| 186|0x000000008ba00000, 0x000000008bb00000, 0x000000008bb00000|100%| E|CS|TAMS 0x000000008ba00000, 0x000000008ba00000| Complete 
| 187|0x000000008bb00000, 0x000000008bc00000, 0x000000008bc00000|100%| E|CS|TAMS 0x000000008bb00000, 0x000000008bb00000| Complete 
| 188|0x000000008bc00000, 0x000000008bd00000, 0x000000008bd00000|100%| E|CS|TAMS 0x000000008bc00000, 0x000000008bc00000| Complete 
| 189|0x000000008bd00000, 0x000000008be00000, 0x000000008be00000|100%| E|CS|TAMS 0x000000008bd00000, 0x000000008bd00000| Complete 
| 190|0x000000008be00000, 0x000000008bf00000, 0x000000008bf00000|100%| E|CS|TAMS 0x000000008be00000, 0x000000008be00000| Complete 
| 191|0x000000008bf00000, 0x000000008c000000, 0x000000008c000000|100%| E|CS|TAMS 0x000000008bf00000, 0x000000008bf00000| Complete 
| 192|0x000000008c000000, 0x000000008c100000, 0x000000008c100000|100%| E|CS|TAMS 0x000000008c000000, 0x000000008c000000| Complete 
| 193|0x000000008c100000, 0x000000008c200000, 0x000000008c200000|100%| E|CS|TAMS 0x000000008c100000, 0x000000008c100000| Complete 
| 194|0x000000008c200000, 0x000000008c300000, 0x000000008c300000|100%| E|CS|TAMS 0x000000008c200000, 0x000000008c200000| Complete 
| 195|0x000000008c300000, 0x000000008c400000, 0x000000008c400000|100%| E|CS|TAMS 0x000000008c300000, 0x000000008c300000| Complete 
| 196|0x000000008c400000, 0x000000008c500000, 0x000000008c500000|100%| E|CS|TAMS 0x000000008c400000, 0x000000008c400000| Complete 

Card table byte_map: [0x0000000015890000,0x0000000015c90000] _byte_map_base: 0x0000000015490000

Marking Bits (Prev, Next): (CMBitMap*) 0x00000000029e71e0, (CMBitMap*) 0x00000000029e71a8
 Prev Bits: [0x0000000018090000, 0x000000001a090000)
 Next Bits: [0x0000000016090000, 0x0000000018090000)

Polling page: 0x0000000002180000

Metaspace:

Usage:
  Non-class:     77.46 MB capacity,    76.14 MB ( 98%) used,     1.09 MB (  1%) free+waste,   238.56 KB ( <1%) overhead. 
      Class:     11.94 MB capacity,    11.18 MB ( 94%) used,   676.09 KB (  6%) free+waste,   107.88 KB ( <1%) overhead. 
       Both:     89.41 MB capacity,    87.31 MB ( 98%) used,     1.75 MB (  2%) free+waste,   346.44 KB ( <1%) overhead. 

Virtual space:
  Non-class space:       78.00 MB reserved,      77.50 MB (>99%) committed 
      Class space:        1.00 GB reserved,      12.07 MB (  1%) committed 
             Both:        1.08 GB reserved,      89.57 MB (  8%) committed 

Chunk freelists:
   Non-Class:  39.00 KB
       Class:  25.00 KB
        Both:  64.00 KB

MaxMetaspaceSize: 17179869184.00 GB
CompressedClassSpaceSize: 1.00 GB

CodeHeap 'non-profiled nmethods': size=120064Kb used=4048Kb max_used=4048Kb free=116015Kb
 bounds [0x000000000df50000, 0x000000000e350000, 0x0000000015490000]
CodeHeap 'profiled nmethods': size=120000Kb used=19181Kb max_used=19181Kb free=100819Kb
 bounds [0x0000000006a20000, 0x0000000007ce0000, 0x000000000df50000]
CodeHeap 'non-nmethods': size=5696Kb used=2290Kb max_used=2332Kb free=3405Kb
 bounds [0x0000000006490000, 0x0000000006700000, 0x0000000006a20000]
 total_blobs=10644 nmethods=9750 adapters=805
 compilation: enabled
              stopped_count=0, restarted_count=0
 full_count=0

Compilation events (20 events):
Event: 20.345 Thread 0x000000001caa5000 nmethod 9951 0x0000000007cc4390 code [0x0000000007cc45a0, 0x0000000007cc49f8]
Event: 20.348 Thread 0x000000001caa5000 9952       2       org.gradle.internal.serialize.BaseSerializerFactory$StringSerializer::write (10 bytes)
Event: 20.348 Thread 0x000000001caa5000 nmethod 9952 0x0000000007cc4c10 code [0x0000000007cc4dc0, 0x0000000007cc4f08]
Event: 20.348 Thread 0x000000001caa5000 9953       2       org.gradle.internal.serialize.BaseSerializerFactory$StringSerializer::write (8 bytes)
Event: 20.349 Thread 0x000000001caa5000 nmethod 9953 0x0000000007cc5010 code [0x0000000007cc51c0, 0x0000000007cc52e8]
Event: 20.349 Thread 0x000000001caa5000 9954       1       org.gradle.internal.serialize.Serializers$StatefulSerializerAdapter::access$000 (5 bytes)
Event: 20.349 Thread 0x000000001caa5000 nmethod 9954 0x000000000e342a90 code [0x000000000e342c40, 0x000000000e342cd8]
Event: 20.353 Thread 0x000000001caa5000 9956       2       org.gradle.api.internal.artifacts.transform.TransformationChain::visitTransformationSteps (21 bytes)
Event: 20.353 Thread 0x000000001caa5000 nmethod 9956 0x0000000007cc5390 code [0x0000000007cc5560, 0x0000000007cc56b8]
Event: 20.353 Thread 0x000000001caa5000 9962       2       org.gradle.cache.internal.DefaultCrossBuildInMemoryCacheFactory$AbstractCrossBuildInMemoryCache::getIfPresentWithoutLock (43 bytes)
Event: 20.354 Thread 0x000000001caa5000 nmethod 9962 0x0000000007cc5790 code [0x0000000007cc5960, 0x0000000007cc5b48]
Event: 20.354 Thread 0x000000001caa5000 9957       2       org.gradle.api.internal.artifacts.transform.TransformationStep::visitTransformationSteps (8 bytes)
Event: 20.354 Thread 0x000000001caa5000 nmethod 9957 0x0000000007cc5c10 code [0x0000000007cc5dc0, 0x0000000007cc5ee8]
Event: 20.354 Thread 0x000000001caa5000 9958       2       org.gradle.api.internal.artifacts.transform.AbstractTransformedArtifactSet$$Lambda$824/0x0000000100add040::execute (16 bytes)
Event: 20.354 Thread 0x000000001caa5000 nmethod 9958 0x0000000007cc5f90 code [0x0000000007cc6160, 0x0000000007cc6438]
Event: 20.354 Thread 0x000000001caa5000 9959       2       org.gradle.api.internal.artifacts.transform.AbstractTransformedArtifactSet::lambda$new$0 (21 bytes)
Event: 20.355 Thread 0x000000001caa5000 nmethod 9959 0x0000000007cc6590 code [0x0000000007cc6760, 0x0000000007cc69b8]
Event: 20.355 Thread 0x000000001caa5000 9960       2       org.gradle.api.internal.artifacts.transform.DefaultExtraExecutionGraphDependenciesResolverFactory$$Lambda$478/0x0000000100636c40::dependenciesFor (5 bytes)
Event: 20.355 Thread 0x000000001caa5000 nmethod 9960 0x0000000007cc6b10 code [0x0000000007cc6cc0, 0x0000000007cc6db8]
Event: 20.355 Thread 0x000000001caa5000 9961       2       org.gradle.api.internal.artifacts.transform.DefaultExtraExecutionGraphDependenciesResolverFactory::lambda$static$0 (4 bytes)

GC Heap History (20 events):
Event: 8.463 GC heap before
{Heap before GC invocations=12 (full 0):
 garbage-first heap   total 115712K, used 77606K [0x0000000080000000, 0x0000000100000000)
  region size 1024K, 51 young (52224K), 3 survivors (3072K)
 Metaspace       used 46550K, capacity 47727K, committed 47948K, reserved 1091584K
  class space    used 5964K, capacity 6407K, committed 6476K, reserved 1048576K
}
Event: 8.472 GC heap after
{Heap after GC invocations=13 (full 0):
 garbage-first heap   total 139264K, used 29932K [0x0000000080000000, 0x0000000100000000)
  region size 1024K, 4 young (4096K), 4 survivors (4096K)
 Metaspace       used 46550K, capacity 47727K, committed 47948K, reserved 1091584K
  class space    used 5964K, capacity 6407K, committed 6476K, reserved 1048576K
}
Event: 9.897 GC heap before
{Heap before GC invocations=13 (full 0):
 garbage-first heap   total 139264K, used 93420K [0x0000000080000000, 0x0000000100000000)
  region size 1024K, 63 young (64512K), 4 survivors (4096K)
 Metaspace       used 51609K, capacity 53017K, committed 53196K, reserved 1095680K
  class space    used 6562K, capacity 7066K, committed 7116K, reserved 1048576K
}
Event: 9.911 GC heap after
{Heap after GC invocations=14 (full 0):
 garbage-first heap   total 139264K, used 41332K [0x0000000080000000, 0x0000000100000000)
  region size 1024K, 8 young (8192K), 8 survivors (8192K)
 Metaspace       used 51609K, capacity 53017K, committed 53196K, reserved 1095680K
  class space    used 6562K, capacity 7066K, committed 7116K, reserved 1048576K
}
Event: 10.917 GC heap before
{Heap before GC invocations=14 (full 0):
 garbage-first heap   total 139264K, used 84340K [0x0000000080000000, 0x0000000100000000)
  region size 1024K, 51 young (52224K), 8 survivors (8192K)
 Metaspace       used 58765K, capacity 60175K, committed 60236K, reserved 1101824K
  class space    used 7406K, capacity 7955K, committed 8012K, reserved 1048576K
}
Event: 10.938 GC heap after
{Heap after GC invocations=15 (full 0):
 garbage-first heap   total 139264K, used 43696K [0x0000000080000000, 0x0000000100000000)
  region size 1024K, 2 young (2048K), 2 survivors (2048K)
 Metaspace       used 58765K, capacity 60175K, committed 60236K, reserved 1101824K
  class space    used 7406K, capacity 7955K, committed 8012K, reserved 1048576K
}
Event: 11.933 GC heap before
{Heap before GC invocations=16 (full 0):
 garbage-first heap   total 139264K, used 96944K [0x0000000080000000, 0x0000000100000000)
  region size 1024K, 54 young (55296K), 2 survivors (2048K)
 Metaspace       used 63942K, capacity 65477K, committed 65740K, reserved 1105920K
  class space    used 8047K, capacity 8601K, committed 8652K, reserved 1048576K
}
Event: 11.946 GC heap after
{Heap after GC invocations=17 (full 0):
 garbage-first heap   total 139264K, used 48579K [0x0000000080000000, 0x0000000100000000)
  region size 1024K, 7 young (7168K), 7 survivors (7168K)
 Metaspace       used 63942K, capacity 65477K, committed 65740K, reserved 1105920K
  class space    used 8047K, capacity 8601K, committed 8652K, reserved 1048576K
}
Event: 12.858 GC heap before
{Heap before GC invocations=18 (full 0):
 garbage-first heap   total 139264K, used 100803K [0x0000000080000000, 0x0000000100000000)
  region size 1024K, 58 young (59392K), 7 survivors (7168K)
 Metaspace       used 67923K, capacity 69509K, committed 69836K, reserved 1110016K
  class space    used 8714K, capacity 9282K, committed 9420K, reserved 1048576K
}
Event: 12.873 GC heap after
{Heap after GC invocations=19 (full 0):
 garbage-first heap   total 167936K, used 52113K [0x0000000080000000, 0x0000000100000000)
  region size 1024K, 5 young (5120K), 5 survivors (5120K)
 Metaspace       used 67923K, capacity 69509K, committed 69836K, reserved 1110016K
  class space    used 8714K, capacity 9282K, committed 9420K, reserved 1048576K
}
Event: 14.376 GC heap before
{Heap before GC invocations=19 (full 0):
 garbage-first heap   total 167936K, used 113553K [0x0000000080000000, 0x0000000100000000)
  region size 1024K, 65 young (66560K), 5 survivors (5120K)
 Metaspace       used 75270K, capacity 76956K, committed 77260K, reserved 1116160K
  class space    used 9748K, capacity 10376K, committed 10444K, reserved 1048576K
}
Event: 14.389 GC heap after
{Heap after GC invocations=20 (full 0):
 garbage-first heap   total 167936K, used 55561K [0x0000000080000000, 0x0000000100000000)
  region size 1024K, 8 young (8192K), 8 survivors (8192K)
 Metaspace       used 75270K, capacity 76956K, committed 77260K, reserved 1116160K
  class space    used 9748K, capacity 10376K, committed 10444K, reserved 1048576K
}
Event: 15.826 GC heap before
{Heap before GC invocations=20 (full 0):
 garbage-first heap   total 167936K, used 120073K [0x0000000080000000, 0x0000000100000000)
  region size 1024K, 71 young (72704K), 8 survivors (8192K)
 Metaspace       used 80761K, capacity 82713K, committed 82892K, reserved 1120256K
  class space    used 10442K, capacity 11153K, committed 11212K, reserved 1048576K
}
Event: 15.847 GC heap after
{Heap after GC invocations=21 (full 0):
 garbage-first heap   total 167936K, used 61440K [0x0000000080000000, 0x0000000100000000)
  region size 1024K, 9 young (9216K), 9 survivors (9216K)
 Metaspace       used 80761K, capacity 82713K, committed 82892K, reserved 1120256K
  class space    used 10442K, capacity 11153K, committed 11212K, reserved 1048576K
}
Event: 16.938 GC heap before
{Heap before GC invocations=21 (full 0):
 garbage-first heap   total 167936K, used 124928K [0x0000000080000000, 0x0000000100000000)
  region size 1024K, 70 young (71680K), 9 survivors (9216K)
 Metaspace       used 82469K, capacity 84540K, committed 84684K, reserved 1122304K
  class space    used 10647K, capacity 11414K, committed 11468K, reserved 1048576K
}
Event: 16.973 GC heap after
{Heap after GC invocations=22 (full 0):
 garbage-first heap   total 167936K, used 75288K [0x0000000080000000, 0x0000000100000000)
  region size 1024K, 9 young (9216K), 9 survivors (9216K)
 Metaspace       used 82469K, capacity 84540K, committed 84684K, reserved 1122304K
  class space    used 10647K, capacity 11414K, committed 11468K, reserved 1048576K
}
Event: 17.503 GC heap before
{Heap before GC invocations=22 (full 0):
 garbage-first heap   total 167936K, used 126488K [0x0000000080000000, 0x0000000100000000)
  region size 1024K, 52 young (53248K), 9 survivors (9216K)
 Metaspace       used 82908K, capacity 84964K, committed 85196K, reserved 1122304K
  class space    used 10682K, capacity 11448K, committed 11468K, reserved 1048576K
}
Event: 17.531 GC heap after
{Heap after GC invocations=23 (full 0):
 garbage-first heap   total 167936K, used 87430K [0x0000000080000000, 0x0000000100000000)
  region size 1024K, 7 young (7168K), 7 survivors (7168K)
 Metaspace       used 82908K, capacity 84964K, committed 85196K, reserved 1122304K
  class space    used 10682K, capacity 11448K, committed 11468K, reserved 1048576K
}
Event: 18.499 GC heap before
{Heap before GC invocations=24 (full 0):
 garbage-first heap   total 167936K, used 134534K [0x0000000080000000, 0x0000000100000000)
  region size 1024K, 48 young (49152K), 7 survivors (7168K)
 Metaspace       used 86731K, capacity 88788K, committed 89036K, reserved 1126400K
  class space    used 11121K, capacity 11873K, committed 11980K, reserved 1048576K
}
Event: 18.515 GC heap after
{Heap after GC invocations=25 (full 0):
 garbage-first heap   total 201728K, used 80812K [0x0000000080000000, 0x0000000100000000)
  region size 1024K, 2 young (2048K), 2 survivors (2048K)
 Metaspace       used 86731K, capacity 88788K, committed 89036K, reserved 1126400K
  class space    used 11121K, capacity 11873K, committed 11980K, reserved 1048576K
}

Deoptimization events (20 events):
Event: 20.248 Thread 0x0000000028eea000 Uncommon trap: trap_request=0xffffff4d fr.pc=0x000000000e332c38 relative=0x0000000000000098
Event: 20.248 Thread 0x0000000028eea000 Uncommon trap: reason=unstable_if action=reinterpret pc=0x000000000e332c38 method=java.lang.Integer.stringSize(I)I @ 3 c2
Event: 20.248 Thread 0x0000000028eea000 DEOPT PACKING pc=0x000000000e332c38 sp=0x000000002a7fa7c0
Event: 20.248 Thread 0x0000000028eea000 DEOPT UNPACKING pc=0x00000000064b782f sp=0x000000002a7fa748 mode 2
Event: 20.248 Thread 0x0000000028eea000 Uncommon trap: trap_request=0xffffff4d fr.pc=0x000000000e3266dc relative=0x000000000000021c
Event: 20.248 Thread 0x0000000028eea000 Uncommon trap: reason=unstable_if action=reinterpret pc=0x000000000e3266dc method=java.lang.Integer.getChars(II[B)I @ 4 c2
Event: 20.248 Thread 0x0000000028eea000 DEOPT PACKING pc=0x000000000e3266dc sp=0x000000002a7fa7a0
Event: 20.248 Thread 0x0000000028eea000 DEOPT UNPACKING pc=0x00000000064b782f sp=0x000000002a7fa730 mode 2
Event: 20.255 Thread 0x0000000028ef0800 Uncommon trap: trap_request=0xfffffff4 fr.pc=0x000000000e2e8154 relative=0x0000000000000534
Event: 20.255 Thread 0x0000000028ef0800 Uncommon trap: reason=null_check action=make_not_entrant pc=0x000000000e2e8154 method=org.gradle.cache.internal.DefaultCrossBuildInMemoryCacheFactory$DefaultCrossBuildInMemoryCache.maybeGetRetainedValue(Ljava/lang/Object;)Ljava/lang/Object; @ 10 c2
Event: 20.255 Thread 0x0000000028ef0800 DEOPT PACKING pc=0x000000000e2e8154 sp=0x000000002affe290
Event: 20.255 Thread 0x0000000028ef0800 DEOPT UNPACKING pc=0x00000000064b782f sp=0x000000002affe1c8 mode 2
Event: 20.303 Thread 0x0000000028ef0800 Uncommon trap: trap_request=0xffffff4d fr.pc=0x000000000e2d7430 relative=0x00000000000003f0
Event: 20.303 Thread 0x0000000028ef0800 Uncommon trap: reason=unstable_if action=reinterpret pc=0x000000000e2d7430 method=org.apache.xerces.dom.ParentNode.nodeListItem(I)Lorg/w3c/dom/Node; @ 26 c2
Event: 20.303 Thread 0x0000000028ef0800 DEOPT PACKING pc=0x000000000e2d7430 sp=0x000000002affe070
Event: 20.303 Thread 0x0000000028ef0800 DEOPT UNPACKING pc=0x00000000064b782f sp=0x000000002affe010 mode 2
Event: 20.304 Thread 0x0000000028eee000 Uncommon trap: trap_request=0xffffff4d fr.pc=0x000000000e2f04f0 relative=0x0000000000000bf0
Event: 20.304 Thread 0x0000000028eee000 Uncommon trap: reason=unstable_if action=reinterpret pc=0x000000000e2f04f0 method=org.gradle.internal.snapshot.PathUtil.equalChars(CCLorg/gradle/internal/snapshot/CaseSensitivity;)Z @ 40 c2
Event: 20.304 Thread 0x0000000028eee000 DEOPT PACKING pc=0x000000000e2f04f0 sp=0x000000002a9fd060
Event: 20.304 Thread 0x0000000028eee000 DEOPT UNPACKING pc=0x00000000064b782f sp=0x000000002a9fcf78 mode 2

Classes redefined (0 events):
No events

Internal exceptions (20 events):
Event: 15.263 Thread 0x000000002031b000 Exception <a 'java/lang/NoSuchMethodError'{0x00000000877f0378}: <clinit>> (0x00000000877f0378) thrown at [./src/hotspot/share/prims/jni.cpp, line 1362]
Event: 15.263 Thread 0x000000002031b000 Exception <a 'java/lang/NoSuchMethodError'{0x00000000877fb220}: <clinit>> (0x00000000877fb220) thrown at [./src/hotspot/share/prims/jni.cpp, line 1362]
Event: 15.268 Thread 0x000000002031b000 Exception <a 'java/lang/NoSuchMethodError'{0x00000000876079a0}: <clinit>> (0x00000000876079a0) thrown at [./src/hotspot/share/prims/jni.cpp, line 1362]
Event: 15.273 Thread 0x000000002031b000 Exception <a 'java/lang/NoSuchMethodError'{0x00000000876483e8}: <clinit>> (0x00000000876483e8) thrown at [./src/hotspot/share/prims/jni.cpp, line 1362]
Event: 15.273 Thread 0x000000002031b000 Exception <a 'java/lang/NoSuchMethodError'{0x0000000087649b88}: <clinit>> (0x0000000087649b88) thrown at [./src/hotspot/share/prims/jni.cpp, line 1362]
Event: 15.326 Thread 0x0000000020870000 Exception <a 'java/lang/NoSuchMethodError'{0x000000008747a730}: <clinit>> (0x000000008747a730) thrown at [./src/hotspot/share/prims/jni.cpp, line 1362]
Event: 15.330 Thread 0x0000000020870000 Exception <a 'java/lang/NoSuchMethodError'{0x000000008748eb18}: <clinit>> (0x000000008748eb18) thrown at [./src/hotspot/share/prims/jni.cpp, line 1362]
Event: 15.334 Thread 0x0000000020870000 Exception <a 'java/lang/NoSuchMethodError'{0x0000000087304728}: <clinit>> (0x0000000087304728) thrown at [./src/hotspot/share/prims/jni.cpp, line 1362]
Event: 15.389 Thread 0x000000002031b000 Exception <a 'java/lang/NoSuchMethodError'{0x0000000087166440}: <clinit>> (0x0000000087166440) thrown at [./src/hotspot/share/prims/jni.cpp, line 1362]
Event: 15.464 Thread 0x0000000028eee000 Exception <a 'java/lang/NoSuchMethodError'{0x000000008705b870}: 'java.lang.Object java.lang.invoke.Invokers$Holder.linkToTargetMethod(java.lang.Object, java.lang.Object, java.lang.Object, int, java.lang.Object, java.lang.Object)'> (0x000000008705b870) thrown at [./src/hotspot/share/interpreter/linkResolver.cpp, line 773]
Event: 15.480 Thread 0x0000000028eee000 Exception <a 'java/lang/IncompatibleClassChangeError'{0x00000000870bb620}: Found class java.lang.Object, but interface was expected> (0x00000000870bb620) thrown at [./src/hotspot/share/interpreter/linkResolver.cpp, line 839]
Event: 15.517 Thread 0x0000000028eee000 Exception <a 'java/lang/NoSuchMethodError'{0x0000000086e81678}: 'int java.lang.invoke.DirectMethodHandle$Holder.invokeStaticInit(java.lang.Object, java.lang.Object, java.lang.Object, java.lang.Object, java.lang.Object)'> (0x0000000086e81678) thrown at [./src/hotspot/share/interpreter/linkResolver.cpp, line 773]
Event: 15.866 Thread 0x0000000020869800 Exception <a 'java/lang/NoSuchMethodError'{0x000000008a2895d8}: 'java.lang.Object java.lang.invoke.DirectMethodHandle$Holder.invokeSpecialIFC(java.lang.Object, java.lang.Object, java.lang.Object)'> (0x000000008a2895d8) thrown at [./src/hotspot/share/interpreter/linkResolver.cpp, line 773]
Event: 15.866 Thread 0x0000000020868000 Exception <a 'java/lang/NoSuchMethodError'{0x000000008a247e48}: 'java.lang.Object java.lang.invoke.DirectMethodHandle$Holder.invokeSpecialIFC(java.lang.Object, java.lang.Object, java.lang.Object)'> (0x000000008a247e48) thrown at [./src/hotspot/share/interpreter/linkResolver.cpp, line 773]
Event: 16.179 Thread 0x0000000020869800 Exception <a 'java/lang/NoSuchMethodError'{0x0000000088d3b580}: 'void java.lang.invoke.DirectMethodHandle$Holder.invokeVirtual(java.lang.Object, java.lang.Object)'> (0x0000000088d3b580) thrown at [./src/hotspot/share/interpreter/linkResolver.cpp, line 773]
Event: 16.179 Thread 0x000000002086d000 Exception <a 'java/lang/NoSuchMethodError'{0x0000000088ef6978}: 'void java.lang.invoke.DirectMethodHandle$Holder.invokeVirtual(java.lang.Object, java.lang.Object)'> (0x0000000088ef6978) thrown at [./src/hotspot/share/interpreter/linkResolver.cpp, line 773]
Event: 17.607 Thread 0x0000000028eee000 Exception <a 'java/lang/NoSuchMethodError'{0x000000008a1169b0}: <clinit>> (0x000000008a1169b0) thrown at [./src/hotspot/share/prims/jni.cpp, line 1362]
Event: 17.611 Thread 0x0000000028eee000 Exception <a 'java/lang/NoSuchMethodError'{0x000000008a13f358}: <clinit>> (0x000000008a13f358) thrown at [./src/hotspot/share/prims/jni.cpp, line 1362]
Event: 17.996 Thread 0x0000000028eee000 Exception <a 'java/lang/NoSuchMethodError'{0x0000000089253848}: 'void java.lang.invoke.DirectMethodHandle$Holder.invokeStatic(java.lang.Object, java.lang.Object, java.lang.Object, java.lang.Object, java.lang.Object, java.lang.Object, java.lang.Object)'> (0x0000000089253848) thrown at [./src/hotspot/share/interpreter/linkResolver.cpp, line 773]
Event: 20.255 Thread 0x0000000028ef0800 Implicit null exception at 0x000000000e2e7e24 to 0x000000000e2e8148

Events (20 events):
Event: 20.290 Executing VM operation: RevokeBias
Event: 20.291 Executing VM operation: RevokeBias done
Event: 20.292 loading class com/android/build/gradle/tasks/XmlDocumentUtilsKt
Event: 20.292 loading class com/android/build/gradle/tasks/XmlDocumentUtilsKt done
Event: 20.308 loading class org/gradle/internal/snapshot/UnknownFileSystemNode
Event: 20.308 loading class org/gradle/internal/snapshot/UnknownFileSystemNode done
Event: 20.326 loading class org/gradle/api/file/ReproducibleFileVisitor
Event: 20.326 loading class org/gradle/api/file/ReproducibleFileVisitor done
Event: 20.328 loading class org/gradle/api/internal/file/collections/DefaultDirectoryWalker$PathVisitor
Event: 20.328 loading class org/gradle/api/internal/file/collections/DefaultDirectoryWalker$PathVisitor done
Event: 20.330 loading class java/nio/file/FileTreeWalker$1
Event: 20.331 loading class java/nio/file/FileTreeWalker$1 done
Event: 20.332 loading class org/gradle/api/internal/file/DefaultFileVisitDetails
Event: 20.332 loading class org/gradle/api/internal/file/DefaultFileVisitDetails done
Event: 20.332 loading class org/gradle/api/internal/file/DefaultFileTreeElement
Event: 20.332 loading class org/gradle/api/internal/file/DefaultFileTreeElement done
Event: 20.333 loading class org/gradle/api/internal/file/AbstractFileTreeElement
Event: 20.333 loading class org/gradle/api/internal/file/AbstractFileTreeElement done
Event: 20.334 loading class org/gradle/api/internal/file/AbstractFileTreeElement$CopyFileElementException
Event: 20.334 loading class org/gradle/api/internal/file/AbstractFileTreeElement$CopyFileElementException done


Dynamic libraries:
0x00007ff634480000 - 0x00007ff63448a000 	C:\Program Files\Android\Android Studio\jre\bin\java.exe
0x00007ff8a19f0000 - 0x00007ff8a1be5000 	C:\Windows\SYSTEM32\ntdll.dll
0x00007ff8a10c0000 - 0x00007ff8a117d000 	C:\Windows\System32\KERNEL32.DLL
0x00007ff89f500000 - 0x00007ff89f7c8000 	C:\Windows\System32\KERNELBASE.dll
0x00007ff89f270000 - 0x00007ff89f370000 	C:\Windows\System32\ucrtbase.dll
0x00007ff88ed60000 - 0x00007ff88ed79000 	C:\Program Files\Android\Android Studio\jre\bin\jli.dll
0x00007ff88e5e0000 - 0x00007ff88e5f7000 	C:\Program Files\Android\Android Studio\jre\bin\VCRUNTIME140.dll
0x00007ff8a0200000 - 0x00007ff8a03a0000 	C:\Windows\System32\USER32.dll
0x00007ff89f190000 - 0x00007ff89f1b2000 	C:\Windows\System32\win32u.dll
0x00007ff895e40000 - 0x00007ff8960da000 	C:\Windows\WinSxS\amd64_microsoft.windows.common-controls_6595b64144ccf1df_6.0.19041.844_none_ca00b6081b84eb1d\COMCTL32.dll
0x00007ff8a0460000 - 0x00007ff8a048a000 	C:\Windows\System32\GDI32.dll
0x00007ff89f3f0000 - 0x00007ff89f4fb000 	C:\Windows\System32\gdi32full.dll
0x00007ff89f800000 - 0x00007ff89f89d000 	C:\Windows\System32\msvcp_win.dll
0x00007ff89fae0000 - 0x00007ff89fb7e000 	C:\Windows\System32\msvcrt.dll
0x00007ff8a05c0000 - 0x00007ff8a05f0000 	C:\Windows\System32\IMM32.DLL
0x00007ff89ef40000 - 0x00007ff89ef72000 	C:\Windows\system32\nvinitx.dll
0x00007ff8a0cf0000 - 0x00007ff8a0d9c000 	C:\Windows\System32\ADVAPI32.dll
0x00007ff89fbe0000 - 0x00007ff89fc7b000 	C:\Windows\System32\sechost.dll
0x00007ff8a0b10000 - 0x00007ff8a0c3b000 	C:\Windows\System32\RPCRT4.dll
0x00007ff88e540000 - 0x00007ff88e5dd000 	C:\Program Files\Android\Android Studio\jre\bin\msvcp140.dll
0x00007ff87a650000 - 0x00007ff87b11f000 	C:\Program Files\Android\Android Studio\jre\bin\server\jvm.dll
0x00007ff8a05f0000 - 0x00007ff8a05f8000 	C:\Windows\System32\PSAPI.DLL
0x00007ff896680000 - 0x00007ff8966a7000 	C:\Windows\SYSTEM32\WINMM.dll
0x00007ff8977f0000 - 0x00007ff8977fa000 	C:\Windows\SYSTEM32\VERSION.dll
0x00007ff899ef0000 - 0x00007ff899ef9000 	C:\Windows\SYSTEM32\WSOCK32.dll
0x00007ff8a0e00000 - 0x00007ff8a0e6b000 	C:\Windows\System32\ws2_32.DLL
0x00007ff89ccf0000 - 0x00007ff89cd02000 	C:\Windows\SYSTEM32\kernel.appcore.dll
0x00007ff8941a0000 - 0x00007ff8941b1000 	C:\Program Files\Android\Android Studio\jre\bin\verify.dll
0x00007ff887890000 - 0x00007ff887a74000 	C:\Windows\SYSTEM32\DBGHELP.DLL
0x00007ff88a120000 - 0x00007ff88a14c000 	C:\Windows\SYSTEM32\dbgcore.DLL
0x00007ff89f370000 - 0x00007ff89f3f0000 	C:\Windows\System32\bcryptPrimitives.dll
0x00007ff894130000 - 0x00007ff894159000 	C:\Program Files\Android\Android Studio\jre\bin\java.dll
0x00007ff899ee0000 - 0x00007ff899eeb000 	C:\Program Files\Android\Android Studio\jre\bin\jimage.dll
0x00007ff894110000 - 0x00007ff894128000 	C:\Program Files\Android\Android Studio\jre\bin\zip.dll
0x00007ff8a1180000 - 0x00007ff8a18c2000 	C:\Windows\System32\SHELL32.dll
0x00007ff89dde0000 - 0x00007ff89e571000 	C:\Windows\SYSTEM32\windows.storage.dll
0x00007ff8a07b0000 - 0x00007ff8a0b05000 	C:\Windows\System32\combase.dll
0x00007ff89ea90000 - 0x00007ff89eabc000 	C:\Windows\SYSTEM32\Wldp.dll
0x00007ff8a03a0000 - 0x00007ff8a044e000 	C:\Windows\System32\SHCORE.dll
0x00007ff89fb80000 - 0x00007ff89fbd5000 	C:\Windows\System32\shlwapi.dll
0x00007ff89f070000 - 0x00007ff89f08f000 	C:\Windows\SYSTEM32\profapi.dll
0x00007ff8931a0000 - 0x00007ff8931ba000 	C:\Program Files\Android\Android Studio\jre\bin\net.dll
0x00007ff8960e0000 - 0x00007ff8961eb000 	C:\Windows\SYSTEM32\WINHTTP.dll
0x00007ff89dd20000 - 0x00007ff89dd8a000 	C:\Windows\system32\mswsock.dll
0x00007ff893180000 - 0x00007ff893194000 	C:\Program Files\Android\Android Studio\jre\bin\nio.dll
0x00007ff890080000 - 0x00007ff8900a7000 	C:\Users\Sergey\.gradle\native\8bec1ad78214c89d9ad589b4d07fe93259594b29d510b10fafb7a158f7737e5d\windows-amd64\native-platform.dll
0x00007ff88e600000 - 0x00007ff88e73d000 	C:\Users\Sergey\.gradle\native\53dbd7edfb1c66fb8903c78663c9afc45aea4f116125fa6feffd364cf09443e8\windows-amd64\native-platform-file-events.dll
0x00007ff894600000 - 0x00007ff89460a000 	C:\Program Files\Android\Android Studio\jre\bin\management.dll
0x00007ff894240000 - 0x00007ff89424c000 	C:\Program Files\Android\Android Studio\jre\bin\management_ext.dll
0x00007ff89e9d0000 - 0x00007ff89e9e8000 	C:\Windows\SYSTEM32\CRYPTSP.dll
0x0000000058320000 - 0x0000000058331000 	C:\Program Files\Common Files\Crypto Pro\AppCompat\cpadvai.dll
0x0000000058340000 - 0x0000000058347000 	C:\Program Files\Common Files\Crypto Pro\AppCompat\detoured.dll
0x00007ff89d6c0000 - 0x00007ff89d6f4000 	C:\Windows\system32\rsaenh.dll
0x00007ff89f7d0000 - 0x00007ff89f7f7000 	C:\Windows\System32\bcrypt.dll
0x00007ff89f030000 - 0x00007ff89f05e000 	C:\Windows\SYSTEM32\USERENV.dll
0x00007ff89e9f0000 - 0x00007ff89e9fc000 	C:\Windows\SYSTEM32\CRYPTBASE.dll
0x00007ff89da10000 - 0x00007ff89da4b000 	C:\Windows\SYSTEM32\IPHLPAPI.DLL
0x00007ff89fad0000 - 0x00007ff89fad8000 	C:\Windows\System32\NSI.dll
0x00007ff8945e0000 - 0x00007ff8945f7000 	C:\Windows\SYSTEM32\dhcpcsvc6.DLL
0x00007ff896e30000 - 0x00007ff896e4d000 	C:\Windows\SYSTEM32\dhcpcsvc.DLL
0x00007ff89da50000 - 0x00007ff89db1c000 	C:\Windows\SYSTEM32\DNSAPI.dll

dbghelp: loaded successfully - version: 4.0.5 - missing functions: none
symbol engine: initialized successfully - sym options: 0x614 - pdb path: .;C:\Program Files\Android\Android Studio\jre\bin;C:\Windows\SYSTEM32;C:\Windows\WinSxS\amd64_microsoft.windows.common-controls_6595b64144ccf1df_6.0.19041.844_none_ca00b6081b84eb1d;C:\Program Files\Android\Android Studio\jre\bin\server;C:\Users\Sergey\.gradle\native\8bec1ad78214c89d9ad589b4d07fe93259594b29d510b10fafb7a158f7737e5d\windows-amd64;C:\Users\Sergey\.gradle\native\53dbd7edfb1c66fb8903c78663c9afc45aea4f116125fa6feffd364cf09443e8\windows-amd64;C:\Program Files\Common Files\Crypto Pro\AppCompat

VM Arguments:
jvm_args: --add-opens=java.base/java.util=ALL-UNNAMED --add-opens=java.base/java.lang=ALL-UNNAMED --add-opens=java.base/java.lang.invoke=ALL-UNNAMED --add-opens=java.base/java.util=ALL-UNNAMED --add-opens=java.prefs/java.util.prefs=ALL-UNNAMED --add-opens=java.prefs/java.util.prefs=ALL-UNNAMED --add-opens=java.base/java.nio.charset=ALL-UNNAMED --add-opens=java.base/java.net=ALL-UNNAMED --add-opens=java.base/java.util.concurrent.atomic=ALL-UNNAMED -Xmx2048m -Dfile.encoding=UTF-8 -Duser.country=RU -Duser.language=ru -Duser.variant 
java_command: org.gradle.launcher.daemon.bootstrap.GradleDaemon 7.0.2
java_class_path (initial): C:\Users\Sergey\.gradle\wrapper\dists\gradle-7.0.2-bin\857tjihv64xamwrf0h14cai3r\gradle-7.0.2\lib\gradle-launcher-7.0.2.jar
Launcher Type: SUN_STANDARD

[Global flags]
     intx CICompilerCount                          = 3                                         {product} {ergonomic}
     uint ConcGCThreads                            = 1                                         {product} {ergonomic}
     uint G1ConcRefinementThreads                  = 4                                         {product} {ergonomic}
   size_t G1HeapRegionSize                         = 1048576                                   {product} {ergonomic}
    uintx GCDrainStackTargetSize                   = 64                                        {product} {ergonomic}
   size_t InitialHeapSize                          = 98566144                                  {product} {ergonomic}
   size_t MarkStackSize                            = 4194304                                   {product} {ergonomic}
   size_t MaxHeapSize                              = 2147483648                                {product} {command line}
   size_t MaxNewSize                               = 1287651328                                {product} {ergonomic}
   size_t MinHeapDeltaBytes                        = 1048576                                   {product} {ergonomic}
    uintx NonNMethodCodeHeapSize                   = 5830732                                {pd product} {ergonomic}
    uintx NonProfiledCodeHeapSize                  = 122913754                              {pd product} {ergonomic}
    uintx ProfiledCodeHeapSize                     = 122913754                              {pd product} {ergonomic}
    uintx ReservedCodeCacheSize                    = 251658240                              {pd product} {ergonomic}
     bool SegmentedCodeCache                       = true                                      {product} {ergonomic}
     bool UseCompressedClassPointers               = true                                 {lp64_product} {ergonomic}
     bool UseCompressedOops                        = true                                 {lp64_product} {ergonomic}
     bool UseG1GC                                  = true                                      {product} {ergonomic}
     bool UseLargePagesIndividualAllocation        = false                                  {pd product} {ergonomic}

Logging:
Log output configuration:
 #0: stdout all=warning uptime,level,tags
 #1: stderr all=off uptime,level,tags

Environment Variables:
PATH=C:\Program Files\Common Files\Oracle\Java\javapath;C:\Program Files (x86)\NVIDIA Corporation\PhysX\Common;C:\Windows\system32;C:\Windows;C:\Windows\System32\Wbem;C:\Windows\System32\WindowsPowerShell\v1.0\;C:\Windows\System32\OpenSSH\;C:\Program Files\Git\cmd;C:\Users\Sergey\AppData\Local\Microsoft\WindowsApps;C:\Users\Sergey\AppData\Local\gitkraken\bin;C:\Users\Sergey\AppData\Local\GitHubDesktop\bin;C:\Program Files\JetBrains\IntelliJ IDEA Community Edition 2021.2\bin;;.;
USERNAME=Sergey
OS=Windows_NT
PROCESSOR_IDENTIFIER=Intel64 Family 6 Model 58 Stepping 9, GenuineIntel



---------------  S Y S T E M  ---------------

OS: Windows 10 , 64 bit Build 19041 (10.0.19041.928)
OS uptime: 0 days 8:39 hours

CPU:total 4 (initial active 4) (2 cores per cpu, 2 threads per core) family 6 model 58 stepping 9 microcode 0x21, cmov, cx8, fxsr, mmx, sse, sse2, sse3, ssse3, sse4.1, sse4.2, popcnt, avx, clmul, erms, ht, tsc, tscinvbit, tscinv

Memory: 4k page, system-wide physical 5982M (59M free)
TotalPageFile size 9982M (AvailPageFile size 3M)
current process WorkingSet (physical memory assigned to process): 352M, peak: 365M
current process commit charge ("private bytes"): 460M, peak: 461M

vm_info: OpenJDK 64-Bit Server VM (11.0.10+0-b96-7249189) for windows-amd64 JRE (11.0.10+0-b96-7249189), built on Mar 31 2021 21:44:00 by "builder" with MS VC++ 14.0 (VS2015)

END.
